[2025-11-19T22:00:40.016+0000] {local_task_job_runner.py:123} INFO - ::group::Pre task execution logs
[2025-11-19T22:00:39.367+0000] {taskinstance.py:2612} INFO - Dependencies all met for dep_context=non-requeueable deps ti=<TaskInstance: etl_pipeline.load_to_postgres manual__2025-11-19T22:00:35.295952+00:00 [queued]>
[2025-11-19T22:00:39.375+0000] {taskinstance.py:2612} INFO - Dependencies all met for dep_context=requeueable deps ti=<TaskInstance: etl_pipeline.load_to_postgres manual__2025-11-19T22:00:35.295952+00:00 [queued]>
[2025-11-19T22:00:39.376+0000] {taskinstance.py:2865} INFO - Starting attempt 1 of 1
[2025-11-19T22:00:39.386+0000] {taskinstance.py:2888} INFO - Executing <Task(BashOperator): load_to_postgres> on 2025-11-19 22:00:35.295952+00:00
[2025-11-19T22:00:39.395+0000] {standard_task_runner.py:104} INFO - Running: ['***', 'tasks', 'run', 'etl_pipeline', 'load_to_postgres', 'manual__2025-11-19T22:00:35.295952+00:00', '--job-id', '45', '--raw', '--subdir', 'DAGS_FOLDER/etl_pipeline_dag.py', '--cfg-path', '/tmp/tmp9_o60wk3']
[2025-11-19T22:00:39.398+0000] {logging_mixin.py:190} WARNING - /home/***/.local/lib/python3.12/site-packages/***/task/task_runner/standard_task_runner.py:70 DeprecationWarning: This process (pid=458) is multi-threaded, use of fork() may lead to deadlocks in the child.
[2025-11-19T22:00:39.399+0000] {standard_task_runner.py:105} INFO - Job 45: Subtask load_to_postgres
[2025-11-19T22:00:39.399+0000] {standard_task_runner.py:72} INFO - Started process 460 to run task
[2025-11-19T22:00:39.447+0000] {task_command.py:467} INFO - Running <TaskInstance: etl_pipeline.load_to_postgres manual__2025-11-19T22:00:35.295952+00:00 [running]> on host b4c6e0d2ed01
[2025-11-19T22:00:39.522+0000] {taskinstance.py:3131} INFO - Exporting env vars: AIRFLOW_CTX_DAG_OWNER='***' AIRFLOW_CTX_DAG_ID='etl_pipeline' AIRFLOW_CTX_TASK_ID='load_to_postgres' AIRFLOW_CTX_EXECUTION_DATE='2025-11-19T22:00:35.295952+00:00' AIRFLOW_CTX_TRY_NUMBER='1' AIRFLOW_CTX_DAG_RUN_ID='manual__2025-11-19T22:00:35.295952+00:00'
[2025-11-19T22:00:39.523+0000] {taskinstance.py:731} INFO - ::endgroup::
[2025-11-19T22:00:39.535+0000] {subprocess.py:63} INFO - Tmp dir root location: /tmp
[2025-11-19T22:00:39.537+0000] {subprocess.py:75} INFO - Running command: ['/usr/bin/bash', '-c', 'python /opt/***/dags/scripts/load_to_postgres.py']
[2025-11-19T22:00:39.549+0000] {subprocess.py:86} INFO - Output:
[2025-11-19T22:00:40.378+0000] {subprocess.py:93} INFO - Traceback (most recent call last):
[2025-11-19T22:00:40.378+0000] {subprocess.py:93} INFO -   File "/opt/***/dags/scripts/load_to_postgres.py", line 25, in <module>
[2025-11-19T22:00:40.380+0000] {subprocess.py:93} INFO -     cur.execute(
[2025-11-19T22:00:40.381+0000] {subprocess.py:93} INFO - psycopg2.errors.UndefinedTable: relation "transformed_data" does not exist
[2025-11-19T22:00:40.381+0000] {subprocess.py:93} INFO - LINE 2:                 INSERT INTO transformed_data (name, age, ema...
[2025-11-19T22:00:40.381+0000] {subprocess.py:93} INFO -                                     ^
[2025-11-19T22:00:40.382+0000] {subprocess.py:93} INFO - 
[2025-11-19T22:00:40.476+0000] {subprocess.py:97} INFO - Command exited with return code 1
[2025-11-19T22:00:40.487+0000] {taskinstance.py:3310} ERROR - Task failed with exception
Traceback (most recent call last):
  File "/home/airflow/.local/lib/python3.12/site-packages/airflow/models/taskinstance.py", line 767, in _execute_task
    result = _execute_callable(context=context, **execute_callable_kwargs)
             ^^^^^^^^^^^^^^^^^^^^^^^^^^^^^^^^^^^^^^^^^^^^^^^^^^^^^^^^^^^^^
  File "/home/airflow/.local/lib/python3.12/site-packages/airflow/models/taskinstance.py", line 733, in _execute_callable
    return ExecutionCallableRunner(
           ^^^^^^^^^^^^^^^^^^^^^^^^
  File "/home/airflow/.local/lib/python3.12/site-packages/airflow/utils/operator_helpers.py", line 252, in run
    return self.func(*args, **kwargs)
           ^^^^^^^^^^^^^^^^^^^^^^^^^^
  File "/home/airflow/.local/lib/python3.12/site-packages/airflow/models/baseoperator.py", line 406, in wrapper
    return func(self, *args, **kwargs)
           ^^^^^^^^^^^^^^^^^^^^^^^^^^^
  File "/home/airflow/.local/lib/python3.12/site-packages/airflow/operators/bash.py", line 249, in execute
    raise AirflowException(
airflow.exceptions.AirflowException: Bash command failed. The command returned a non-zero exit code 1.
[2025-11-19T22:00:40.491+0000] {taskinstance.py:1225} INFO - Marking task as FAILED. dag_id=etl_pipeline, task_id=load_to_postgres, run_id=manual__2025-11-19T22:00:35.295952+00:00, execution_date=20251119T220035, start_date=20251119T220039, end_date=20251119T220040
[2025-11-19T22:00:40.502+0000] {taskinstance.py:340} INFO - ::group::Post task execution logs
[2025-11-19T22:00:40.502+0000] {standard_task_runner.py:124} ERROR - Failed to execute job 45 for task load_to_postgres (Bash command failed. The command returned a non-zero exit code 1.; 460)
Traceback (most recent call last):
  File "/home/airflow/.local/lib/python3.12/site-packages/airflow/task/task_runner/standard_task_runner.py", line 117, in _start_by_fork
    ret = args.func(args, dag=self.dag)
          ^^^^^^^^^^^^^^^^^^^^^^^^^^^^^
  File "/home/airflow/.local/lib/python3.12/site-packages/airflow/cli/cli_config.py", line 49, in command
    return func(*args, **kwargs)
           ^^^^^^^^^^^^^^^^^^^^^
  File "/home/airflow/.local/lib/python3.12/site-packages/airflow/utils/cli.py", line 115, in wrapper
    return f(*args, **kwargs)
           ^^^^^^^^^^^^^^^^^^
  File "/home/airflow/.local/lib/python3.12/site-packages/airflow/cli/commands/task_command.py", line 483, in task_run
    task_return_code = _run_task_by_selected_method(args, _dag, ti)
                       ^^^^^^^^^^^^^^^^^^^^^^^^^^^^^^^^^^^^^^^^^^^^
  File "/home/airflow/.local/lib/python3.12/site-packages/airflow/cli/commands/task_command.py", line 256, in _run_task_by_selected_method
    return _run_raw_task(args, ti)
           ^^^^^^^^^^^^^^^^^^^^^^^
  File "/home/airflow/.local/lib/python3.12/site-packages/airflow/cli/commands/task_command.py", line 341, in _run_raw_task
    return ti._run_raw_task(
           ^^^^^^^^^^^^^^^^^
  File "/home/airflow/.local/lib/python3.12/site-packages/airflow/utils/session.py", line 97, in wrapper
    return func(*args, session=session, **kwargs)
           ^^^^^^^^^^^^^^^^^^^^^^^^^^^^^^^^^^^^^^
  File "/home/airflow/.local/lib/python3.12/site-packages/airflow/models/taskinstance.py", line 3004, in _run_raw_task
    return _run_raw_task(
           ^^^^^^^^^^^^^^
  File "/home/airflow/.local/lib/python3.12/site-packages/airflow/models/taskinstance.py", line 273, in _run_raw_task
    TaskInstance._execute_task_with_callbacks(
  File "/home/airflow/.local/lib/python3.12/site-packages/airflow/models/taskinstance.py", line 3158, in _execute_task_with_callbacks
    result = self._execute_task(context, task_orig)
             ^^^^^^^^^^^^^^^^^^^^^^^^^^^^^^^^^^^^^^
  File "/home/airflow/.local/lib/python3.12/site-packages/airflow/models/taskinstance.py", line 3182, in _execute_task
    return _execute_task(self, context, task_orig)
           ^^^^^^^^^^^^^^^^^^^^^^^^^^^^^^^^^^^^^^^
  File "/home/airflow/.local/lib/python3.12/site-packages/airflow/models/taskinstance.py", line 767, in _execute_task
    result = _execute_callable(context=context, **execute_callable_kwargs)
             ^^^^^^^^^^^^^^^^^^^^^^^^^^^^^^^^^^^^^^^^^^^^^^^^^^^^^^^^^^^^^
  File "/home/airflow/.local/lib/python3.12/site-packages/airflow/models/taskinstance.py", line 733, in _execute_callable
    return ExecutionCallableRunner(
           ^^^^^^^^^^^^^^^^^^^^^^^^
  File "/home/airflow/.local/lib/python3.12/site-packages/airflow/utils/operator_helpers.py", line 252, in run
    return self.func(*args, **kwargs)
           ^^^^^^^^^^^^^^^^^^^^^^^^^^
  File "/home/airflow/.local/lib/python3.12/site-packages/airflow/models/baseoperator.py", line 406, in wrapper
    return func(self, *args, **kwargs)
           ^^^^^^^^^^^^^^^^^^^^^^^^^^^
  File "/home/airflow/.local/lib/python3.12/site-packages/airflow/operators/bash.py", line 249, in execute
    raise AirflowException(
airflow.exceptions.AirflowException: Bash command failed. The command returned a non-zero exit code 1.
[2025-11-19T22:00:40.520+0000] {local_task_job_runner.py:266} INFO - Task exited with return code 1
[2025-11-19T22:00:40.537+0000] {taskinstance.py:3900} INFO - 0 downstream tasks scheduled from follow-on schedule check
[2025-11-19T22:00:40.539+0000] {local_task_job_runner.py:245} INFO - ::endgroup::
